<?xml version="1.0" encoding="UTF-8"?>
<!-- Generated by org.testng.reporters.JUnitReportReporter -->
<testsuite hostname="nb-lees-10" name="com.qmetry.qaf.automation.step.client.Scenario" tests="2" failures="0" timestamp="7 Mar 2017 13:49:21 GMT" time="216.082" errors="0">
  <testcase name="Adding a recipe" time="110.778" classname="com.qmetry.qaf.automation.step.client.Scenario"/>
  <testcase name="Adding a recipe" time="105.304" classname="com.qmetry.qaf.automation.step.client.Scenario"/>
</testsuite> <!-- com.qmetry.qaf.automation.step.client.Scenario -->
