<?xml version="1.0" encoding="UTF-8"?>
<!-- Generated by org.testng.reporters.JUnitReportReporter -->
<testsuite hostname="nb-lees-10" name="com.qmetry.qaf.automation.step.client.Scenario" tests="1" failures="0" timestamp="17 Jan 2017 13:32:53 GMT" time="117.729" errors="0">
  <testcase name="Adding a recipe" time="117.729" classname="com.qmetry.qaf.automation.step.client.Scenario"/>
</testsuite> <!-- com.qmetry.qaf.automation.step.client.Scenario -->
