<?xml version="1.0" encoding="UTF-8"?>
<!-- Generated by org.testng.reporters.JUnitReportReporter -->
<testsuite hostname="nb-lees-10" name="ReportingTest" tests="3" failures="0" timestamp="10 May 2017 15:04:36 GMT" time="33.214" errors="0">
  <testcase name="googleSearch1" time="19.249" classname="ReportingTest"/>
  <testcase name="googleSearch2" time="6.980" classname="ReportingTest"/>
  <testcase name="googleSearch1" time="6.985" classname="ReportingTest"/>
</testsuite> <!-- ReportingTest -->
