<?xml version="1.0" encoding="UTF-8"?>
<!-- Generated by org.testng.reporters.JUnitReportReporter -->
<testsuite hostname="nb-lees-10" name="ReportingTest" tests="4" failures="0" timestamp="21 Sep 2016 19:47:33 GMT" time="32.099" errors="0">
  <testcase name="googleSearch1" time="9.930" classname="ReportingTest"/>
  <testcase name="googleSearch2" time="5.126" classname="ReportingTest"/>
  <testcase name="googleSearch2" time="9.001" classname="ReportingTest"/>
  <testcase name="googleSearch1" time="8.042" classname="ReportingTest"/>
</testsuite> <!-- ReportingTest -->
